WARNING: A restricted method in java.lang.System has been called
WARNING: java.lang.System::load has been called by org.fusesource.jansi.internal.JansiLoader in an unnamed module (file:/usr/local/Cellar/maven/3.9.9/libexec/lib/jansi-2.4.1.jar)
WARNING: Use --enable-native-access=ALL-UNNAMED to avoid a warning for callers in this module
WARNING: Restricted methods will be blocked in a future release unless native access is enabled

WARNING: A terminally deprecated method in sun.misc.Unsafe has been called
WARNING: sun.misc.Unsafe::objectFieldOffset has been called by com.google.common.util.concurrent.AbstractFuture$UnsafeAtomicHelper (file:/usr/local/Cellar/maven/3.9.9/libexec/lib/guava-33.2.1-jre.jar)
WARNING: Please consider reporting this to the maintainers of class com.google.common.util.concurrent.AbstractFuture$UnsafeAtomicHelper
WARNING: sun.misc.Unsafe::objectFieldOffset will be removed in a future release
[INFO] Scanning for projects...
[INFO] 
[INFO] ----------------------< com.example:starter-app >-----------------------
[INFO] Building starter-app 0.0.1-SNAPSHOT
[INFO]   from pom.xml
[INFO] --------------------------------[ jar ]---------------------------------
[INFO] 
[INFO] >>> spring-boot:3.4.5:run (default-cli) > test-compile @ starter-app >>>
[INFO] 
[INFO] --- jacoco:0.8.12:prepare-agent (prepare-agent) @ starter-app ---
[INFO] argLine set to "-javaagent:/Users/chaturnakasturiratna/.m2/repository/org/jacoco/org.jacoco.agent/0.8.12/org.jacoco.agent-0.8.12-runtime.jar=destfile=/Users/chaturnakasturiratna/Documents/SLIIT/Season 2/Y2S2/SE/FinSight---Group-11/FinSight/finsight_backend/target/jacoco.exec"
[INFO] 
[INFO] --- resources:3.3.1:resources (default-resources) @ starter-app ---
[INFO] Copying 1 resource from src/main/resources to target/classes
[INFO] Copying 11 resources from src/main/resources to target/classes
[INFO] 
[INFO] --- compiler:3.13.0:compile (default-compile) @ starter-app ---
[INFO] Nothing to compile - all classes are up to date.
[INFO] 
[INFO] --- resources:3.3.1:testResources (default-testResources) @ starter-app ---
[INFO] Copying 1 resource from src/test/resources to target/test-classes
[INFO] 
[INFO] --- compiler:3.13.0:testCompile (default-testCompile) @ starter-app ---
[INFO] Recompiling the module because of changed source code.
[INFO] Compiling 10 source files with javac [debug parameters release 21] to target/test-classes
[INFO] 
[INFO] <<< spring-boot:3.4.5:run (default-cli) < test-compile @ starter-app <<<
[INFO] 
[INFO] 
[INFO] --- spring-boot:3.4.5:run (default-cli) @ starter-app ---
[INFO] Attaching agents: []

  .   ____          _            __ _ _
 /\\ / ___'_ __ _ _(_)_ __  __ _ \ \ \ \
( ( )\___ | '_ | '_| | '_ \/ _` | \ \ \ \
 \\/  ___)| |_)| | | | | || (_| |  ) ) ) )
  '  |____| .__|_| |_|_| |_\__, | / / / /
 =========|_|==============|___/=/_/_/_/

 :: Spring Boot ::                (v3.4.5)

2025-10-09T08:59:30.268+05:30  INFO 85762 --- [finsight_backend] [           main] c.e.f.FinsightBackendApplication         : Starting FinsightBackendApplication using Java 24.0.2 with PID 85762 (/Users/chaturnakasturiratna/Documents/SLIIT/Season 2/Y2S2/SE/FinSight---Group-11/FinSight/finsight_backend/target/classes started by chaturnakasturiratna in /Users/chaturnakasturiratna/Documents/SLIIT/Season 2/Y2S2/SE/FinSight---Group-11/FinSight/finsight_backend)
2025-10-09T08:59:30.270+05:30 DEBUG 85762 --- [finsight_backend] [           main] c.e.f.FinsightBackendApplication         : Running with Spring Boot v3.4.5, Spring v6.2.6
2025-10-09T08:59:30.275+05:30  INFO 85762 --- [finsight_backend] [           main] c.e.f.FinsightBackendApplication         : No active profile set, falling back to 1 default profile: "default"
2025-10-09T08:59:31.843+05:30  INFO 85762 --- [finsight_backend] [           main] .s.d.r.c.RepositoryConfigurationDelegate : Multiple Spring Data modules found, entering strict repository configuration mode
2025-10-09T08:59:31.846+05:30  INFO 85762 --- [finsight_backend] [           main] .s.d.r.c.RepositoryConfigurationDelegate : Bootstrapping Spring Data JPA repositories in DEFAULT mode.
2025-10-09T08:59:32.043+05:30  INFO 85762 --- [finsight_backend] [           main] .s.d.r.c.RepositoryConfigurationDelegate : Finished Spring Data repository scanning in 184 ms. Found 9 JPA repository interfaces.
2025-10-09T08:59:32.077+05:30  INFO 85762 --- [finsight_backend] [           main] .s.d.r.c.RepositoryConfigurationDelegate : Multiple Spring Data modules found, entering strict repository configuration mode
2025-10-09T08:59:32.078+05:30  INFO 85762 --- [finsight_backend] [           main] .s.d.r.c.RepositoryConfigurationDelegate : Bootstrapping Spring Data Redis repositories in DEFAULT mode.
2025-10-09T08:59:32.126+05:30  INFO 85762 --- [finsight_backend] [           main] .RepositoryConfigurationExtensionSupport : Spring Data Redis - Could not safely identify store assignment for repository candidate interface com.example.finsight_backend.repository.AlertRepository; If you want this repository to be a Redis repository, consider annotating your entities with one of these annotations: org.springframework.data.redis.core.RedisHash (preferred), or consider extending one of the following types with your repository: org.springframework.data.keyvalue.repository.KeyValueRepository
2025-10-09T08:59:32.127+05:30  INFO 85762 --- [finsight_backend] [           main] .RepositoryConfigurationExtensionSupport : Spring Data Redis - Could not safely identify store assignment for repository candidate interface com.example.finsight_backend.repository.CompanyRepository; If you want this repository to be a Redis repository, consider annotating your entities with one of these annotations: org.springframework.data.redis.core.RedisHash (preferred), or consider extending one of the following types with your repository: org.springframework.data.keyvalue.repository.KeyValueRepository
2025-10-09T08:59:32.127+05:30  INFO 85762 --- [finsight_backend] [           main] .RepositoryConfigurationExtensionSupport : Spring Data Redis - Could not safely identify store assignment for repository candidate interface com.example.finsight_backend.repository.EmailVerificationRepository; If you want this repository to be a Redis repository, consider annotating your entities with one of these annotations: org.springframework.data.redis.core.RedisHash (preferred), or consider extending one of the following types with your repository: org.springframework.data.keyvalue.repository.KeyValueRepository
2025-10-09T08:59:32.128+05:30  INFO 85762 --- [finsight_backend] [           main] .RepositoryConfigurationExtensionSupport : Spring Data Redis - Could not safely identify store assignment for repository candidate interface com.example.finsight_backend.repository.NotificationRepository; If you want this repository to be a Redis repository, consider annotating your entities with one of these annotations: org.springframework.data.redis.core.RedisHash (preferred), or consider extending one of the following types with your repository: org.springframework.data.keyvalue.repository.KeyValueRepository
2025-10-09T08:59:32.129+05:30  INFO 85762 --- [finsight_backend] [           main] .RepositoryConfigurationExtensionSupport : Spring Data Redis - Could not safely identify store assignment for repository candidate interface com.example.finsight_backend.repository.PortfolioHistoryRepository; If you want this repository to be a Redis repository, consider annotating your entities with one of these annotations: org.springframework.data.redis.core.RedisHash (preferred), or consider extending one of the following types with your repository: org.springframework.data.keyvalue.repository.KeyValueRepository
2025-10-09T08:59:32.129+05:30  INFO 85762 --- [finsight_backend] [           main] .RepositoryConfigurationExtensionSupport : Spring Data Redis - Could not safely identify store assignment for repository candidate interface com.example.finsight_backend.repository.PortfolioHoldingRepository; If you want this repository to be a Redis repository, consider annotating your entities with one of these annotations: org.springframework.data.redis.core.RedisHash (preferred), or consider extending one of the following types with your repository: org.springframework.data.keyvalue.repository.KeyValueRepository
2025-10-09T08:59:32.129+05:30  INFO 85762 --- [finsight_backend] [           main] .RepositoryConfigurationExtensionSupport : Spring Data Redis - Could not safely identify store assignment for repository candidate interface com.example.finsight_backend.repository.PortfolioRepository; If you want this repository to be a Redis repository, consider annotating your entities with one of these annotations: org.springframework.data.redis.core.RedisHash (preferred), or consider extending one of the following types with your repository: org.springframework.data.keyvalue.repository.KeyValueRepository
2025-10-09T08:59:32.130+05:30  INFO 85762 --- [finsight_backend] [           main] .RepositoryConfigurationExtensionSupport : Spring Data Redis - Could not safely identify store assignment for repository candidate interface com.example.finsight_backend.repository.StockQuoteRepository; If you want this repository to be a Redis repository, consider annotating your entities with one of these annotations: org.springframework.data.redis.core.RedisHash (preferred), or consider extending one of the following types with your repository: org.springframework.data.keyvalue.repository.KeyValueRepository
2025-10-09T08:59:32.130+05:30  INFO 85762 --- [finsight_backend] [           main] .RepositoryConfigurationExtensionSupport : Spring Data Redis - Could not safely identify store assignment for repository candidate interface com.example.finsight_backend.repository.UserRepository; If you want this repository to be a Redis repository, consider annotating your entities with one of these annotations: org.springframework.data.redis.core.RedisHash (preferred), or consider extending one of the following types with your repository: org.springframework.data.keyvalue.repository.KeyValueRepository
2025-10-09T08:59:32.130+05:30  INFO 85762 --- [finsight_backend] [           main] .s.d.r.c.RepositoryConfigurationDelegate : Finished Spring Data repository scanning in 44 ms. Found 0 Redis repository interfaces.
2025-10-09T08:59:33.500+05:30  INFO 85762 --- [finsight_backend] [           main] o.s.b.w.embedded.tomcat.TomcatWebServer  : Tomcat initialized with port 8080 (http)
2025-10-09T08:59:33.557+05:30  INFO 85762 --- [finsight_backend] [           main] o.apache.catalina.core.StandardService   : Starting service [Tomcat]
2025-10-09T08:59:33.558+05:30  INFO 85762 --- [finsight_backend] [           main] o.apache.catalina.core.StandardEngine    : Starting Servlet engine: [Apache Tomcat/10.1.40]
2025-10-09T08:59:33.665+05:30  INFO 85762 --- [finsight_backend] [           main] o.a.c.c.C.[Tomcat].[localhost].[/]       : Initializing Spring embedded WebApplicationContext
2025-10-09T08:59:33.666+05:30  INFO 85762 --- [finsight_backend] [           main] w.s.c.ServletWebServerApplicationContext : Root WebApplicationContext: initialization completed in 3234 ms
2025-10-09T08:59:34.227+05:30  INFO 85762 --- [finsight_backend] [           main] com.zaxxer.hikari.HikariDataSource       : HikariPool-1 - Starting...
2025-10-09T08:59:34.625+05:30  INFO 85762 --- [finsight_backend] [           main] com.zaxxer.hikari.pool.HikariPool        : HikariPool-1 - Added connection com.mysql.cj.jdbc.ConnectionImpl@31443680
2025-10-09T08:59:34.627+05:30  INFO 85762 --- [finsight_backend] [           main] com.zaxxer.hikari.HikariDataSource       : HikariPool-1 - Start completed.
2025-10-09T08:59:34.673+05:30  INFO 85762 --- [finsight_backend] [           main] org.flywaydb.core.FlywayExecutor         : Database: jdbc:mysql://localhost:33066/Finsight19?createDatabaseIfNotExist=true (MySQL 8.0)
2025-10-09T08:59:34.748+05:30  INFO 85762 --- [finsight_backend] [           main] o.f.core.internal.command.DbValidate     : Successfully validated 8 migrations (execution time 00:00.036s)
2025-10-09T08:59:34.750+05:30  WARN 85762 --- [finsight_backend] [           main] org.flywaydb.core.Flyway                 : cleanOnValidationError is deprecated and will be removed in a later release
2025-10-09T08:59:34.780+05:30  INFO 85762 --- [finsight_backend] [           main] o.f.core.internal.command.DbMigrate      : Current version of schema `finsight19`: 6
2025-10-09T08:59:34.817+05:30  INFO 85762 --- [finsight_backend] [           main] o.f.core.internal.command.DbMigrate      : Schema `finsight19` is up to date. No migration necessary.
2025-10-09T08:59:34.964+05:30  INFO 85762 --- [finsight_backend] [           main] o.hibernate.jpa.internal.util.LogHelper  : HHH000204: Processing PersistenceUnitInfo [name: default]
2025-10-09T08:59:35.001+05:30  INFO 85762 --- [finsight_backend] [           main] org.hibernate.Version                    : HHH000412: Hibernate ORM core version 6.6.13.Final
2025-10-09T08:59:35.027+05:30  INFO 85762 --- [finsight_backend] [           main] o.h.c.internal.RegionFactoryInitiator    : HHH000026: Second-level cache disabled
2025-10-09T08:59:35.226+05:30  INFO 85762 --- [finsight_backend] [           main] o.s.o.j.p.SpringPersistenceUnitInfo      : No LoadTimeWeaver setup: ignoring JPA class transformer
2025-10-09T08:59:35.294+05:30  INFO 85762 --- [finsight_backend] [           main] org.hibernate.orm.connections.pooling    : HHH10001005: Database info:
	Database JDBC URL [Connecting through datasource 'HikariDataSource (HikariPool-1)']
	Database driver: undefined/unknown
	Database version: 8.0.40
	Autocommit mode: undefined/unknown
	Isolation level: undefined/unknown
	Minimum pool size: undefined/unknown
	Maximum pool size: undefined/unknown
2025-10-09T08:59:36.613+05:30  INFO 85762 --- [finsight_backend] [           main] o.h.e.t.j.p.i.JtaPlatformInitiator       : HHH000489: No JTA platform available (set 'hibernate.transaction.jta.platform' to enable JTA platform integration)
2025-10-09T08:59:36.687+05:30  INFO 85762 --- [finsight_backend] [           main] j.LocalContainerEntityManagerFactoryBean : Initialized JPA EntityManagerFactory for persistence unit 'default'
2025-10-09T08:59:37.202+05:30 DEBUG 85762 --- [finsight_backend] [           main] c.e.f.security.JwtAuthenticationFilter   : Filter 'jwtAuthenticationFilter' configured for use
2025-10-09T08:59:37.677+05:30  INFO 85762 --- [finsight_backend] [           main] o.s.d.j.r.query.QueryEnhancerFactory     : Hibernate is in classpath; If applicable, HQL parser will be used.
2025-10-09T08:59:39.631+05:30  INFO 85762 --- [finsight_backend] [           main] eAuthenticationProviderManagerConfigurer : Global AuthenticationManager configured with AuthenticationProvider bean with name authenticationProvider
2025-10-09T08:59:39.633+05:30  WARN 85762 --- [finsight_backend] [           main] r$InitializeUserDetailsManagerConfigurer : Global AuthenticationManager configured with an AuthenticationProvider bean. UserDetailsService beans will not be used by Spring Security for automatically configuring username/password login. Consider removing the AuthenticationProvider bean. Alternatively, consider using the UserDetailsService in a manually instantiated DaoAuthenticationProvider. If the current configuration is intentional, to turn off this warning, increase the logging level of 'org.springframework.security.config.annotation.authentication.configuration.InitializeUserDetailsBeanManagerConfigurer' to ERROR
2025-10-09T08:59:39.872+05:30  WARN 85762 --- [finsight_backend] [           main] JpaBaseConfiguration$JpaWebConfiguration : spring.jpa.open-in-view is enabled by default. Therefore, database queries may be performed during view rendering. Explicitly configure spring.jpa.open-in-view to disable this warning
2025-10-09T08:59:40.134+05:30 DEBUG 85762 --- [finsight_backend] [           main] o.s.w.s.s.s.WebSocketHandlerMapping      : Patterns [/ws/price/{ticker}, /ws/notifications] in 'webSocketHandlerMapping'
WARNING: A terminally deprecated method in sun.misc.Unsafe has been called
WARNING: sun.misc.Unsafe::allocateMemory has been called by io.netty.util.internal.PlatformDependent0$2 (file:/Users/chaturnakasturiratna/.m2/repository/io/netty/netty-common/4.1.119.Final/netty-common-4.1.119.Final.jar)
WARNING: Please consider reporting this to the maintainers of class io.netty.util.internal.PlatformDependent0$2
WARNING: sun.misc.Unsafe::allocateMemory will be removed in a future release
2025-10-09T08:59:42.391+05:30  WARN 85762 --- [finsight_backend] [           main] ConfigServletWebServerApplicationContext : Exception encountered during context initialization - cancelling refresh attempt: org.springframework.context.ApplicationContextException: Failed to start bean 'webServerStartStop'
2025-10-09T08:59:42.403+05:30  INFO 85762 --- [finsight_backend] [           main] j.LocalContainerEntityManagerFactoryBean : Closing JPA EntityManagerFactory for persistence unit 'default'
2025-10-09T08:59:42.408+05:30  INFO 85762 --- [finsight_backend] [           main] com.zaxxer.hikari.HikariDataSource       : HikariPool-1 - Shutdown initiated...
2025-10-09T08:59:42.430+05:30  INFO 85762 --- [finsight_backend] [           main] com.zaxxer.hikari.HikariDataSource       : HikariPool-1 - Shutdown completed.
2025-10-09T08:59:42.455+05:30  INFO 85762 --- [finsight_backend] [           main] .s.b.a.l.ConditionEvaluationReportLogger : 

Error starting ApplicationContext. To display the condition evaluation report re-run your application with 'debug' enabled.
2025-10-09T08:59:42.473+05:30 ERROR 85762 --- [finsight_backend] [           main] o.s.b.d.LoggingFailureAnalysisReporter   : 

***************************
APPLICATION FAILED TO START
***************************

Description:

Web server failed to start. Port 8080 was already in use.

Action:

Identify and stop the process that's listening on port 8080 or configure this application to listen on another port.

[INFO] ------------------------------------------------------------------------
[INFO] BUILD FAILURE
[INFO] ------------------------------------------------------------------------
[INFO] Total time:  21.896 s
[INFO] Finished at: 2025-10-09T08:59:42+05:30
[INFO] ------------------------------------------------------------------------
[ERROR] Failed to execute goal org.springframework.boot:spring-boot-maven-plugin:3.4.5:run (default-cli) on project starter-app: Process terminated with exit code: 1 -> [Help 1]
[ERROR] 
[ERROR] To see the full stack trace of the errors, re-run Maven with the -e switch.
[ERROR] Re-run Maven using the -X switch to enable full debug logging.
[ERROR] 
[ERROR] For more information about the errors and possible solutions, please read the following articles:
[ERROR] [Help 1] http://cwiki.apache.org/confluence/display/MAVEN/MojoExecutionException
